<?xml version="1.0" encoding="UTF-8"?>
<testsuite xmlns:xsi="http://www.w3.org/2001/XMLSchema-instance" xsi:noNamespaceSchemaLocation="https://maven.apache.org/surefire/maven-surefire-plugin/xsd/surefire-test-report-3.0.xsd" version="3.0" name="com.sobotarup.productservice.ProductServiceApplicationTests" time="16.426" tests="2" errors="0" skipped="0" failures="0">
  <properties>
[...]
</properties>
  <testcase name="shouldCreateProduct" classname="com.sobotarup.productservice.ProductServiceApplicationTests" time="1.934">
    <system-out><![CDATA[19:30:46.424 [main] INFO org.springframework.test.context.support.AnnotationConfigContextLoaderUtils -- Could not detect default configuration classes for test class [com.sobotarup.productservice.ProductServiceApplicationTests]: ProductServiceApplicationTests does not declare any static, non-private, non-final, nested classes annotated with @Configuration.
19:30:46.675 [main] INFO org.springframework.boot.test.context.SpringBootTestContextBootstrapper -- Found @SpringBootConfiguration com.sobotarup.productservice.ProductServiceApplication for test class com.sobotarup.productservice.ProductServiceApplicationTests
19:30:47.196 [main] INFO org.testcontainers.utility.ImageNameSubstitutor -- Image name substitution will be performed by: DefaultImageNameSubstitutor (composite of 'ConfigurationFileImageNameSubstitutor' and 'PrefixingImageNameSubstitutor')
19:30:47.589 [main] INFO org.testcontainers.dockerclient.DockerClientProviderStrategy -- Loaded org.testcontainers.dockerclient.NpipeSocketClientProviderStrategy from ~/.testcontainers.properties, will try it first
19:30:48.149 [main] INFO org.testcontainers.dockerclient.DockerClientProviderStrategy -- Found Docker environment with local Npipe socket (npipe:////./pipe/docker_engine)
19:30:48.152 [main] INFO org.testcontainers.DockerClientFactory -- Docker host IP address is localhost
19:30:48.176 [main] INFO org.testcontainers.DockerClientFactory -- Connected to docker: 
  Server Version: 24.0.2
  API Version: 1.43
  Operating System: Docker Desktop
  Total Memory: 7638 MB
19:30:48.220 [main] INFO tc.testcontainers/ryuk:0.5.1 -- Creating container for image: testcontainers/ryuk:0.5.1
19:30:49.310 [main] INFO tc.testcontainers/ryuk:0.5.1 -- Container testcontainers/ryuk:0.5.1 is starting: f80fee62c9cbc576878476d65cc4693e0c589bf0b1634ec89dfe3c9f4027d6a3
19:30:51.557 [main] INFO tc.testcontainers/ryuk:0.5.1 -- Container testcontainers/ryuk:0.5.1 started in PT3.36212S
19:30:51.641 [main] INFO org.testcontainers.utility.RyukResourceReaper -- Ryuk started - will monitor and terminate Testcontainers containers on JVM exit
19:30:51.642 [main] INFO org.testcontainers.DockerClientFactory -- Checking the system...
19:30:51.643 [main] INFO org.testcontainers.DockerClientFactory -- ✔︎ Docker server version should be at least 1.6.0
19:30:51.644 [main] INFO tc.mongo:4.4.2 -- Creating container for image: mongo:4.4.2
19:30:51.762 [main] INFO tc.mongo:4.4.2 -- Container mongo:4.4.2 is starting: ec2c3c0182d7223621896985c4b03fd02207eab294daf45073f25e65fecc8ab9
19:30:54.611 [main] INFO tc.mongo:4.4.2 -- Container mongo:4.4.2 started in PT2.9672123S

  .   ____          _            __ _ _
 /\\ / ___'_ __ _ _(_)_ __  __ _ \ \ \ \
( ( )\___ | '_ | '_| | '_ \/ _` | \ \ \ \
 \\/  ___)| |_)| | | | | || (_| |  ) ) ) )
  '  |____| .__|_| |_|_| |_\__, | / / / /
 =========|_|==============|___/=/_/_/_/
 :: Spring Boot ::                (v3.1.1)

2023-07-28T19:30:56.120+07:00  INFO 27104 --- [           main] c.s.p.ProductServiceApplicationTests     : Starting ProductServiceApplicationTests using Java 18.0.2.1 with PID 27104 (started by alilo in C:\Sobotarup\website\microservices\product-service)
2023-07-28T19:30:56.122+07:00  INFO 27104 --- [           main] c.s.p.ProductServiceApplicationTests     : No active profile set, falling back to 1 default profile: "default"
2023-07-28T19:30:57.285+07:00  INFO 27104 --- [           main] .s.d.r.c.RepositoryConfigurationDelegate : Bootstrapping Spring Data MongoDB repositories in DEFAULT mode.
2023-07-28T19:30:57.383+07:00  INFO 27104 --- [           main] .s.d.r.c.RepositoryConfigurationDelegate : Finished Spring Data repository scanning in 88 ms. Found 1 MongoDB repository interfaces.
2023-07-28T19:30:58.229+07:00  INFO 27104 --- [           main] org.mongodb.driver.client                : MongoClient with metadata {"driver": {"name": "mongo-java-driver|sync|spring-boot", "version": "4.9.1"}, "os": {"type": "Windows", "name": "Windows 11", "architecture": "amd64", "version": "10.0"}, "platform": "Java/Oracle Corporation/18.0.2.1+1-1"} created with settings MongoClientSettings{readPreference=primary, writeConcern=WriteConcern{w=null, wTimeout=null ms, journal=null}, retryWrites=true, retryReads=true, readConcern=ReadConcern{level=null}, credential=null, streamFactoryFactory=null, commandListeners=[], codecRegistry=ProvidersCodecRegistry{codecProviders=[ValueCodecProvider{}, BsonValueCodecProvider{}, DBRefCodecProvider{}, DBObjectCodecProvider{}, DocumentCodecProvider{}, CollectionCodecProvider{}, IterableCodecProvider{}, MapCodecProvider{}, GeoJsonCodecProvider{}, GridFSFileCodecProvider{}, Jsr310CodecProvider{}, JsonObjectCodecProvider{}, BsonCodecProvider{}, EnumCodecProvider{}, com.mongodb.client.model.mql.ExpressionCodecProvider@50f4b83d, com.mongodb.Jep395RecordCodecProvider@10131289]}, loggerSettings=LoggerSettings{maxDocumentLength=1000}, clusterSettings={hosts=[localhost:52503], srvServiceName=mongodb, mode=SINGLE, requiredClusterType=UNKNOWN, requiredReplicaSetName='null', serverSelector='null', clusterListeners='[]', serverSelectionTimeout='30000 ms', localThreshold='30000 ms'}, socketSettings=SocketSettings{connectTimeoutMS=10000, readTimeoutMS=0, receiveBufferSize=0, sendBufferSize=0}, heartbeatSocketSettings=SocketSettings{connectTimeoutMS=10000, readTimeoutMS=10000, receiveBufferSize=0, sendBufferSize=0}, connectionPoolSettings=ConnectionPoolSettings{maxSize=100, minSize=0, maxWaitTimeMS=120000, maxConnectionLifeTimeMS=0, maxConnectionIdleTimeMS=0, maintenanceInitialDelayMS=0, maintenanceFrequencyMS=60000, connectionPoolListeners=[], maxConnecting=2}, serverSettings=ServerSettings{heartbeatFrequencyMS=10000, minHeartbeatFrequencyMS=500, serverListeners='[]', serverMonitorListeners='[]'}, sslSettings=SslSettings{enabled=false, invalidHostNameAllowed=false, context=null}, applicationName='null', compressorList=[], uuidRepresentation=JAVA_LEGACY, serverApi=null, autoEncryptionSettings=null, contextProvider=null}
2023-07-28T19:30:58.278+07:00  INFO 27104 --- [localhost:52503] org.mongodb.driver.cluster               : Monitor thread successfully connected to server with description ServerDescription{address=localhost:52503, type=REPLICA_SET_PRIMARY, state=CONNECTED, ok=true, minWireVersion=0, maxWireVersion=9, maxDocumentSize=16777216, logicalSessionTimeoutMinutes=30, roundTripTimeNanos=52667300, setName='docker-rs', canonicalAddress=ec2c3c0182d7:27017, hosts=[ec2c3c0182d7:27017], passives=[], arbiters=[], primary='ec2c3c0182d7:27017', tagSet=TagSet{[]}, electionId=7fffffff0000000000000001, setVersion=1, topologyVersion=TopologyVersion{processId=64c3b4fc2ccf65ffc98a365e, counter=6}, lastWriteDate=Fri Jul 28 19:30:55 WIB 2023, lastUpdateTimeNanos=251802521925800}
2023-07-28T19:30:59.783+07:00  INFO 27104 --- [           main] o.s.b.t.m.w.SpringBootMockServletContext : Initializing Spring TestDispatcherServlet ''
2023-07-28T19:30:59.784+07:00  INFO 27104 --- [           main] o.s.t.web.servlet.TestDispatcherServlet  : Initializing Servlet ''
2023-07-28T19:30:59.792+07:00  INFO 27104 --- [           main] o.s.t.web.servlet.TestDispatcherServlet  : Completed initialization in 2 ms
2023-07-28T19:30:59.829+07:00  INFO 27104 --- [           main] c.s.p.ProductServiceApplicationTests     : Started ProductServiceApplicationTests in 4.248 seconds (process running for 15.275)
2023-07-28T19:31:01.715+07:00  INFO 27104 --- [           main] c.s.p.service.ProductService             : Product with ID 64c3b505c4f084668da894a7 is saved
]]></system-out>
  </testcase>
  <testcase name="shouldGetProducts" classname="com.sobotarup.productservice.ProductServiceApplicationTests" time="0.038">
    <system-out><![CDATA[2023-07-28T19:31:01.816+07:00  INFO 27104 --- [           main] c.s.p.service.ProductService             : Fetching all products
]]></system-out>
  </testcase>
</testsuite>